Build started 13.05.2016 20:44:08.
     1>Project "D:\ROOT\desktop\Магистратура\II семестр\ГПУ\ms-2016-gauss\Gaussian\Gaussian\Gaussian.vcxproj" on node 2 (Build target(s)).
     1>AddCudaCompileDeps:
         C:\Program Files (x86)\Microsoft Visual Studio 12.0\VC\bin\cl.exe /E /nologo /showIncludes /TP /D__CUDACC__ /DWIN32 /D_DEBUG /D_CONSOLE /D_MBCS /I"C:\Program Files\NVIDIA GPU Computing Toolkit\CUDA\v7.5\include" /I"C:\Program Files\NVIDIA GPU Computing Toolkit\CUDA\v7.5\bin" /I"C:\Program Files\NVIDIA GPU Computing Toolkit\CUDA\v7.5\include" /I. /FIcuda_runtime.h /c "D:\ROOT\desktop\Магистратура\II семестр\ГПУ\ms-2016-gauss\Gaussian\Gaussian\kernel.cu" 
       CudaBuild:
         Compiling CUDA source file kernel.cu...
         cmd.exe /C "C:\Users\Михаил\AppData\Local\Temp\tmp9db6d6de9c214502a44e53102e392951.cmd"
         "C:\Program Files\NVIDIA GPU Computing Toolkit\CUDA\v7.5\bin\nvcc.exe" -gencode=arch=compute_20,code=\"sm_20,compute_20\" --use-local-env --cl-version 2013 -ccbin "C:\Program Files (x86)\Microsoft Visual Studio 12.0\VC\bin"  -I"C:\Program Files\NVIDIA GPU Computing Toolkit\CUDA\v7.5\include" -I"C:\Program Files\NVIDIA GPU Computing Toolkit\CUDA\v7.5\include"  -G   --keep-dir Debug -maxrregcount=0  --machine 32 --compile -cudart static  -g   -DWIN32 -D_DEBUG -D_CONSOLE -D_MBCS -Xcompiler "/EHsc /W3 /nologo /Od /Zi /RTC1 /MDd " -o Debug\kernel.cu.obj "D:\ROOT\desktop\Магистратура\II семестр\ГПУ\ms-2016-gauss\Gaussian\Gaussian\kernel.cu"
         
         D:\ROOT\desktop\Магистратура\II семестр\ГПУ\ms-2016-gauss\Gaussian\Gaussian>"C:\Program Files\NVIDIA GPU Computing Toolkit\CUDA\v7.5\bin\nvcc.exe" -gencode=arch=compute_20,code=\"sm_20,compute_20\" --use-local-env --cl-version 2013 -ccbin "C:\Program Files (x86)\Microsoft Visual Studio 12.0\VC\bin"  -I"C:\Program Files\NVIDIA GPU Computing Toolkit\CUDA\v7.5\include" -I"C:\Program Files\NVIDIA GPU Computing Toolkit\CUDA\v7.5\include"  -G   --keep-dir Debug -maxrregcount=0  --machine 32 --compile -cudart static  -g   -DWIN32 -D_DEBUG -D_CONSOLE -D_MBCS -Xcompiler "/EHsc /W3 /nologo /Od /Zi /RTC1 /MDd " -o Debug\kernel.cu.obj "D:\ROOT\desktop\Магистратура\II семестр\ГПУ\ms-2016-gauss\Gaussian\Gaussian\kernel.cu" 
         kernel.cu
       Link:
         C:\Program Files (x86)\Microsoft Visual Studio 12.0\VC\bin\link.exe /ERRORREPORT:PROMPT /OUT:"D:\ROOT\desktop\Магистратура\II семестр\ГПУ\ms-2016-gauss\Gaussian\Debug\Gaussian.exe" /INCREMENTAL /NOLOGO /LIBPATH:"C:\Program Files\NVIDIA GPU Computing Toolkit\CUDA\v7.5\lib\Win32" cudart.lib kernel32.lib user32.lib gdi32.lib winspool.lib comdlg32.lib advapi32.lib shell32.lib ole32.lib oleaut32.lib uuid.lib odbc32.lib odbccp32.lib kernel32.lib user32.lib gdi32.lib winspool.lib comdlg32.lib advapi32.lib shell32.lib ole32.lib oleaut32.lib uuid.lib odbc32.lib odbccp32.lib /MANIFEST /MANIFESTUAC:"level='asInvoker' uiAccess='false'" /manifest:embed /DEBUG /PDB:"D:\ROOT\desktop\Магистратура\II семестр\ГПУ\ms-2016-gauss\Gaussian\Debug\Gaussian.pdb" /SUBSYSTEM:CONSOLE /TLBID:1 /DYNAMICBASE /NXCOMPAT /IMPLIB:"D:\ROOT\desktop\Магистратура\II семестр\ГПУ\ms-2016-gauss\Gaussian\Debug\Gaussian.lib" /MACHINE:X86 Debug\kernel.cu.obj
         Gaussian.vcxproj -> D:\ROOT\desktop\Магистратура\II семестр\ГПУ\ms-2016-gauss\Gaussian\Debug\Gaussian.exe
       PostBuildEvent:
         echo copy "C:\Program Files\NVIDIA GPU Computing Toolkit\CUDA\v7.5\bin\cudart*.dll" "D:\ROOT\desktop\Магистратура\II семестр\ГПУ\ms-2016-gauss\Gaussian\Debug\"
         copy "C:\Program Files\NVIDIA GPU Computing Toolkit\CUDA\v7.5\bin\cudart*.dll" "D:\ROOT\desktop\Магистратура\II семестр\ГПУ\ms-2016-gauss\Gaussian\Debug\"
         :VCEnd
         copy "C:\Program Files\NVIDIA GPU Computing Toolkit\CUDA\v7.5\bin\cudart*.dll" "D:\ROOT\desktop\Магистратура\II семестр\ГПУ\ms-2016-gauss\Gaussian\Debug\"
         C:\Program Files\NVIDIA GPU Computing Toolkit\CUDA\v7.5\bin\cudart32_75.dll
         C:\Program Files\NVIDIA GPU Computing Toolkit\CUDA\v7.5\bin\cudart64_75.dll
         Скопировано файлов:         2.
     1>Done Building Project "D:\ROOT\desktop\Магистратура\II семестр\ГПУ\ms-2016-gauss\Gaussian\Gaussian\Gaussian.vcxproj" (Build target(s)).

Build succeeded.

Time Elapsed 00:00:10.10
